2019-12-11 13:35:25.353  INFO 34712 --- [main] c.c.s.adminclient.DemoApplication        : Starting DemoApplication on Chiru with PID 34712 (D:\Camel\spring-boot-admin\admin-client\target\classes started by Admin in d:\Camel\spring-boot-admin\admin-client)
2019-12-11 13:35:25.357  INFO 34712 --- [main] c.c.s.adminclient.DemoApplication        : No active profile set, falling back to default profiles: default
2019-12-11 13:35:26.990  INFO 34712 --- [main] o.s.b.w.embedded.tomcat.TomcatWebServer  : Tomcat initialized with port(s): 0 (http)
2019-12-11 13:35:27.005  INFO 34712 --- [main] o.apache.catalina.core.StandardService   : Starting service [Tomcat]
2019-12-11 13:35:27.005  INFO 34712 --- [main] org.apache.catalina.core.StandardEngine  : Starting Servlet engine: [Apache Tomcat/9.0.29]
2019-12-11 13:35:27.136  INFO 34712 --- [main] o.a.c.c.C.[Tomcat].[localhost].[/]       : Initializing Spring embedded WebApplicationContext
2019-12-11 13:35:27.136  INFO 34712 --- [main] o.s.web.context.ContextLoader            : Root WebApplicationContext: initialization completed in 1706 ms
2019-12-11 13:35:27.370  INFO 34712 --- [main] o.s.b.a.e.web.ServletEndpointRegistrar   : Registered '/actuator/jolokia' to jolokia-actuator-endpoint
2019-12-11 13:35:27.536  INFO 34712 --- [main] o.s.s.concurrent.ThreadPoolTaskExecutor  : Initializing ExecutorService 'applicationTaskExecutor'
2019-12-11 13:35:27.763  INFO 34712 --- [main] o.s.s.c.ThreadPoolTaskScheduler          : Initializing ExecutorService
2019-12-11 13:35:27.797  INFO 34712 --- [main] o.s.b.a.e.web.EndpointLinksResolver      : Exposing 15 endpoint(s) beneath base path '/actuator'
2019-12-11 13:35:27.877  INFO 34712 --- [main] o.s.b.w.embedded.tomcat.TomcatWebServer  : Tomcat started on port(s): 51593 (http) with context path ''
2019-12-11 13:35:27.882  INFO 34712 --- [main] c.c.s.adminclient.DemoApplication        : Started DemoApplication in 3.011 seconds (JVM running for 4.21)
2019-12-11 13:35:55.076  INFO 34712 --- [registrationTask1] d.c.b.a.c.r.ApplicationRegistrator       : Application registered itself as fc58523e4c92
2019-12-11 13:35:55.121  INFO 34712 --- [http-nio-auto-1-exec-1] o.a.c.c.C.[Tomcat].[localhost].[/]       : Initializing Spring DispatcherServlet 'dispatcherServlet'
2019-12-11 13:35:55.121  INFO 34712 --- [http-nio-auto-1-exec-1] o.s.web.servlet.DispatcherServlet        : Initializing Servlet 'dispatcherServlet'
2019-12-11 13:35:55.128  INFO 34712 --- [http-nio-auto-1-exec-1] o.s.web.servlet.DispatcherServlet        : Completed initialization in 7 ms
2019-12-11 13:37:56.107  INFO 32808 --- [main] c.c.s.adminclient.DemoApplication        : Starting DemoApplication on Chiru with PID 32808 (D:\Camel\spring-boot-admin\admin-client\target\classes started by Admin in d:\Camel\spring-boot-admin\admin-client)
2019-12-11 13:37:56.112  INFO 32808 --- [main] c.c.s.adminclient.DemoApplication        : No active profile set, falling back to default profiles: default
2019-12-11 13:37:58.231  INFO 32808 --- [main] o.s.b.w.embedded.tomcat.TomcatWebServer  : Tomcat initialized with port(s): 0 (http)
2019-12-11 13:37:58.265  INFO 32808 --- [main] o.apache.catalina.core.StandardService   : Starting service [Tomcat]
2019-12-11 13:37:58.267  INFO 32808 --- [main] org.apache.catalina.core.StandardEngine  : Starting Servlet engine: [Apache Tomcat/9.0.29]
2019-12-11 13:37:58.421  INFO 32808 --- [main] o.a.c.c.C.[Tomcat].[localhost].[/]       : Initializing Spring embedded WebApplicationContext
2019-12-11 13:37:58.421  INFO 32808 --- [main] o.s.web.context.ContextLoader            : Root WebApplicationContext: initialization completed in 2238 ms
2019-12-11 13:37:58.777  INFO 32808 --- [main] o.s.b.a.e.web.ServletEndpointRegistrar   : Registered '/actuator/jolokia' to jolokia-actuator-endpoint
2019-12-11 13:37:59.068  INFO 32808 --- [main] o.s.s.concurrent.ThreadPoolTaskExecutor  : Initializing ExecutorService 'applicationTaskExecutor'
2019-12-11 13:37:59.517  INFO 32808 --- [main] o.s.s.c.ThreadPoolTaskScheduler          : Initializing ExecutorService
2019-12-11 13:37:59.568  INFO 32808 --- [main] o.s.b.a.e.web.EndpointLinksResolver      : Exposing 15 endpoint(s) beneath base path '/actuator'
2019-12-11 13:37:59.855  INFO 32808 --- [main] o.s.b.w.embedded.tomcat.TomcatWebServer  : Tomcat started on port(s): 51748 (http) with context path ''
2019-12-11 13:37:59.862  INFO 32808 --- [main] c.c.s.adminclient.DemoApplication        : Started DemoApplication in 4.394 seconds (JVM running for 5.924)
2019-12-11 13:38:27.863  INFO 32808 --- [registrationTask1] d.c.b.a.c.r.ApplicationRegistrator       : Application registered itself as 4281086e047a
2019-12-11 13:38:27.935  INFO 32808 --- [http-nio-auto-1-exec-4] o.a.c.c.C.[Tomcat].[localhost].[/]       : Initializing Spring DispatcherServlet 'dispatcherServlet'
2019-12-11 13:38:27.936  INFO 32808 --- [http-nio-auto-1-exec-4] o.s.web.servlet.DispatcherServlet        : Initializing Servlet 'dispatcherServlet'
2019-12-11 13:38:27.943  INFO 32808 --- [http-nio-auto-1-exec-4] o.s.web.servlet.DispatcherServlet        : Completed initialization in 7 ms
2019-12-11 13:39:47.320  INFO 32808 --- [http-nio-auto-1-exec-3] c.c.s.adminclient.SayHelloController     : Entering to Info
2019-12-11 13:39:47.321 ERROR 32808 --- [http-nio-auto-1-exec-3] c.c.s.adminclient.SayHelloController     : Entering to With Error
2019-12-11 13:39:47.321  WARN 32808 --- [http-nio-auto-1-exec-3] c.c.s.adminclient.SayHelloController     : Entering to With Error
2019-12-11 13:43:30.333  INFO 21308 --- [main] c.c.s.adminclient.DemoApplication        : Starting DemoApplication on Chiru with PID 21308 (D:\Camel\spring-boot-admin\admin-client\target\classes started by Admin in d:\Camel\spring-boot-admin\admin-client)
2019-12-11 13:43:30.339  INFO 21308 --- [main] c.c.s.adminclient.DemoApplication        : No active profile set, falling back to default profiles: default
2019-12-11 13:43:31.704  INFO 21308 --- [main] o.s.b.w.embedded.tomcat.TomcatWebServer  : Tomcat initialized with port(s): 0 (http)
2019-12-11 13:43:31.716  INFO 21308 --- [main] o.apache.catalina.core.StandardService   : Starting service [Tomcat]
2019-12-11 13:43:31.716  INFO 21308 --- [main] org.apache.catalina.core.StandardEngine  : Starting Servlet engine: [Apache Tomcat/9.0.29]
2019-12-11 13:43:31.811  INFO 21308 --- [main] o.a.c.c.C.[Tomcat].[localhost].[/]       : Initializing Spring embedded WebApplicationContext
2019-12-11 13:43:31.812  INFO 21308 --- [main] o.s.web.context.ContextLoader            : Root WebApplicationContext: initialization completed in 1418 ms
2019-12-11 13:43:32.019  INFO 21308 --- [main] o.s.b.a.e.web.ServletEndpointRegistrar   : Registered '/actuator/jolokia' to jolokia-actuator-endpoint
2019-12-11 13:43:32.175  INFO 21308 --- [main] o.s.s.concurrent.ThreadPoolTaskExecutor  : Initializing ExecutorService 'applicationTaskExecutor'
2019-12-11 13:43:32.375  INFO 21308 --- [main] o.s.s.c.ThreadPoolTaskScheduler          : Initializing ExecutorService
2019-12-11 13:43:32.404  INFO 21308 --- [main] o.s.b.a.e.web.EndpointLinksResolver      : Exposing 15 endpoint(s) beneath base path '/actuator'
2019-12-11 13:43:32.470  INFO 21308 --- [main] o.s.b.w.embedded.tomcat.TomcatWebServer  : Tomcat started on port(s): 51862 (http) with context path ''
2019-12-11 13:43:32.474  INFO 21308 --- [main] c.c.s.adminclient.DemoApplication        : Started DemoApplication in 2.522 seconds (JVM running for 3.632)
2019-12-11 13:43:59.697  INFO 21308 --- [registrationTask1] d.c.b.a.c.r.ApplicationRegistrator       : Application registered itself as 0afee5a5ef67
2019-12-11 13:43:59.731  INFO 21308 --- [http-nio-auto-1-exec-1] o.a.c.c.C.[Tomcat].[localhost].[/]       : Initializing Spring DispatcherServlet 'dispatcherServlet'
2019-12-11 13:43:59.731  INFO 21308 --- [http-nio-auto-1-exec-1] o.s.web.servlet.DispatcherServlet        : Initializing Servlet 'dispatcherServlet'
2019-12-11 13:43:59.739  INFO 21308 --- [http-nio-auto-1-exec-1] o.s.web.servlet.DispatcherServlet        : Completed initialization in 8 ms
2019-12-11 13:47:22.210  INFO 35156 --- [main] c.c.s.adminclient.DemoApplication        : Starting DemoApplication on Chiru with PID 35156 (D:\Camel\spring-boot-admin\admin-client\target\classes started by Admin in d:\Camel\spring-boot-admin\admin-client)
2019-12-11 13:47:22.214  INFO 35156 --- [main] c.c.s.adminclient.DemoApplication        : No active profile set, falling back to default profiles: default
2019-12-11 13:47:23.535  INFO 35156 --- [main] o.s.b.w.embedded.tomcat.TomcatWebServer  : Tomcat initialized with port(s): 0 (http)
2019-12-11 13:47:23.546  INFO 35156 --- [main] o.apache.catalina.core.StandardService   : Starting service [Tomcat]
2019-12-11 13:47:23.546  INFO 35156 --- [main] org.apache.catalina.core.StandardEngine  : Starting Servlet engine: [Apache Tomcat/9.0.29]
2019-12-11 13:47:23.641  INFO 35156 --- [main] o.a.c.c.C.[Tomcat].[localhost].[/]       : Initializing Spring embedded WebApplicationContext
2019-12-11 13:47:23.642  INFO 35156 --- [main] o.s.web.context.ContextLoader            : Root WebApplicationContext: initialization completed in 1376 ms
2019-12-11 13:47:23.861  INFO 35156 --- [main] o.s.b.a.e.web.ServletEndpointRegistrar   : Registered '/actuator/jolokia' to jolokia-actuator-endpoint
2019-12-11 13:47:24.004  INFO 35156 --- [main] o.s.s.concurrent.ThreadPoolTaskExecutor  : Initializing ExecutorService 'applicationTaskExecutor'
2019-12-11 13:47:24.219  INFO 35156 --- [main] o.s.s.c.ThreadPoolTaskScheduler          : Initializing ExecutorService
2019-12-11 13:47:24.254  INFO 35156 --- [main] o.s.b.a.e.web.EndpointLinksResolver      : Exposing 15 endpoint(s) beneath base path '/actuator'
2019-12-11 13:47:24.319  INFO 35156 --- [main] o.s.b.w.embedded.tomcat.TomcatWebServer  : Tomcat started on port(s): 51960 (http) with context path ''
2019-12-11 13:47:24.324  INFO 35156 --- [main] c.c.s.adminclient.DemoApplication        : Started DemoApplication in 2.481 seconds (JVM running for 3.519)
2019-12-11 13:47:51.566  INFO 35156 --- [registrationTask1] d.c.b.a.c.r.ApplicationRegistrator       : Application registered itself as a563294e02b6
2019-12-11 13:47:51.596  INFO 35156 --- [http-nio-auto-1-exec-1] o.a.c.c.C.[Tomcat].[localhost].[/]       : Initializing Spring DispatcherServlet 'dispatcherServlet'
2019-12-11 13:47:51.596  INFO 35156 --- [http-nio-auto-1-exec-1] o.s.web.servlet.DispatcherServlet        : Initializing Servlet 'dispatcherServlet'
2019-12-11 13:47:51.604  INFO 35156 --- [http-nio-auto-1-exec-1] o.s.web.servlet.DispatcherServlet        : Completed initialization in 8 ms
2019-12-11 14:08:10.434  INFO 35156 --- [http-nio-auto-1-exec-2] c.c.s.adminclient.SayHelloController     : Entering to Info
2019-12-11 14:08:10.434 ERROR 35156 --- [http-nio-auto-1-exec-2] c.c.s.adminclient.SayHelloController     : Entering to With Error
2019-12-11 14:08:10.434  WARN 35156 --- [http-nio-auto-1-exec-2] c.c.s.adminclient.SayHelloController     : Entering to With Error
2019-12-11 14:10:59.458  INFO 35612 --- [main] c.c.s.adminclient.DemoApplication        : Starting DemoApplication on Chiru with PID 35612 (D:\Camel\spring-boot-admin\admin-client\target\classes started by Admin in d:\Camel\spring-boot-admin\admin-client)
2019-12-11 14:10:59.461  INFO 35612 --- [main] c.c.s.adminclient.DemoApplication        : No active profile set, falling back to default profiles: default
2019-12-11 14:11:00.749  INFO 35612 --- [main] o.s.b.w.embedded.tomcat.TomcatWebServer  : Tomcat initialized with port(s): 0 (http)
2019-12-11 14:11:00.759  INFO 35612 --- [main] o.apache.catalina.core.StandardService   : Starting service [Tomcat]
2019-12-11 14:11:00.760  INFO 35612 --- [main] org.apache.catalina.core.StandardEngine  : Starting Servlet engine: [Apache Tomcat/9.0.29]
2019-12-11 14:11:00.851  INFO 35612 --- [main] o.a.c.c.C.[Tomcat].[localhost].[/]       : Initializing Spring embedded WebApplicationContext
2019-12-11 14:11:00.852  INFO 35612 --- [main] o.s.web.context.ContextLoader            : Root WebApplicationContext: initialization completed in 1340 ms
2019-12-11 14:11:01.105  INFO 35612 --- [main] o.s.b.a.e.web.ServletEndpointRegistrar   : Registered '/actuator/jolokia' to jolokia-actuator-endpoint
2019-12-11 14:11:01.272  INFO 35612 --- [main] o.s.s.concurrent.ThreadPoolTaskExecutor  : Initializing ExecutorService 'applicationTaskExecutor'
2019-12-11 14:11:01.507  INFO 35612 --- [main] o.s.s.c.ThreadPoolTaskScheduler          : Initializing ExecutorService
2019-12-11 14:11:01.531  INFO 35612 --- [main] o.s.b.a.e.web.EndpointLinksResolver      : Exposing 15 endpoint(s) beneath base path '/actuator'
2019-12-11 14:11:01.589  INFO 35612 --- [main] o.s.b.w.embedded.tomcat.TomcatWebServer  : Tomcat started on port(s): 52442 (http) with context path ''
2019-12-11 14:11:01.594  INFO 35612 --- [main] c.c.s.adminclient.DemoApplication        : Started DemoApplication in 2.521 seconds (JVM running for 3.525)
2019-12-11 14:11:28.821  INFO 35612 --- [registrationTask1] d.c.b.a.c.r.ApplicationRegistrator       : Application registered itself as 5c596035b479
2019-12-11 14:11:28.851  INFO 35612 --- [http-nio-auto-1-exec-1] o.a.c.c.C.[Tomcat].[localhost].[/]       : Initializing Spring DispatcherServlet 'dispatcherServlet'
2019-12-11 14:11:28.852  INFO 35612 --- [http-nio-auto-1-exec-1] o.s.web.servlet.DispatcherServlet        : Initializing Servlet 'dispatcherServlet'
2019-12-11 14:11:28.860  INFO 35612 --- [http-nio-auto-1-exec-1] o.s.web.servlet.DispatcherServlet        : Completed initialization in 8 ms
2019-12-11 14:11:59.055  INFO 35612 --- [http-nio-auto-1-exec-1] c.c.s.adminclient.SayHelloController     : Entering to Info
2019-12-11 14:11:59.056 ERROR 35612 --- [http-nio-auto-1-exec-1] c.c.s.adminclient.SayHelloController     : Entering to With Error
2019-12-11 14:11:59.056  WARN 35612 --- [http-nio-auto-1-exec-1] c.c.s.adminclient.SayHelloController     : Entering to With Error
2019-12-11 14:43:49.113 DEBUG 35612 --- [http-nio-auto-1-exec-8] o.s.w.s.m.m.a.HttpEntityMethodProcessor  : No match for [application/vnd.spring-boot.actuator.v2+json, application/vnd.spring-boot.actuator.v1+json, application/json], supported: []
2019-12-11 14:43:49.114 DEBUG 35612 --- [http-nio-auto-1-exec-8] o.s.web.servlet.DispatcherServlet        : Completed 204 NO_CONTENT
2019-12-11 14:43:49.116 DEBUG 35612 --- [http-nio-auto-1-exec-8] o.a.tomcat.util.net.SocketWrapperBase    : Socket: [org.apache.tomcat.util.net.NioEndpoint$NioSocketWrapper@6121b995:org.apache.tomcat.util.net.NioChannel@3f3763c7:java.nio.channels.SocketChannel[connected local=/169.254.3.74:52442 remote=/169.254.3.74:53096]], Read from buffer: [0]
2019-12-11 14:43:49.118 DEBUG 35612 --- [http-nio-auto-1-exec-8] org.apache.tomcat.util.net.NioEndpoint   : Socket: [org.apache.tomcat.util.net.NioEndpoint$NioSocketWrapper@6121b995:org.apache.tomcat.util.net.NioChannel@3f3763c7:java.nio.channels.SocketChannel[connected local=/169.254.3.74:52442 remote=/169.254.3.74:53096]], Read direct from socket: [0]
2019-12-11 14:43:49.120 DEBUG 35612 --- [http-nio-auto-1-exec-8] o.apache.coyote.http11.Http11Processor   : Socket: [org.apache.tomcat.util.net.NioEndpoint$NioSocketWrapper@6121b995:org.apache.tomcat.util.net.NioChannel@3f3763c7:java.nio.channels.SocketChannel[connected local=/169.254.3.74:52442 remote=/169.254.3.74:53096]], Status in: [OPEN_READ], State out: [OPEN]
2019-12-11 14:43:49.120 DEBUG 35612 --- [http-nio-auto-1-exec-8] org.apache.tomcat.util.net.NioEndpoint   : Registered read interest for [org.apache.tomcat.util.net.NioEndpoint$NioSocketWrapper@6121b995:org.apache.tomcat.util.net.NioChannel@3f3763c7:java.nio.channels.SocketChannel[connected local=/169.254.3.74:52442 remote=/169.254.3.74:53096]]
2019-12-11 14:43:49.132 DEBUG 35612 --- [http-nio-auto-1-exec-7] o.a.tomcat.util.net.SocketWrapperBase    : Socket: [org.apache.tomcat.util.net.NioEndpoint$NioSocketWrapper@6619e7ec:org.apache.tomcat.util.net.NioChannel@856609:java.nio.channels.SocketChannel[connected local=/169.254.3.74:52442 remote=/169.254.3.74:53095]], Read from buffer: [0]
2019-12-11 14:43:49.132 DEBUG 35612 --- [http-nio-auto-1-exec-7] org.apache.tomcat.util.net.NioEndpoint   : Socket: [org.apache.tomcat.util.net.NioEndpoint$NioSocketWrapper@6619e7ec:org.apache.tomcat.util.net.NioChannel@856609:java.nio.channels.SocketChannel[connected local=/169.254.3.74:52442 remote=/169.254.3.74:53095]], Read direct from socket: [515]
2019-12-11 14:43:49.133 DEBUG 35612 --- [http-nio-auto-1-exec-7] o.a.coyote.http11.Http11InputBuffer      : Received [GET /actuator/loggers HTTP/1.1
host: Chiru:52442
sec-fetch-mode: cors
referer: http://localhost:9090/instances/5c596035b479/loggers
sec-fetch-site: same-origin
accept-language: en-US,en;q=0.9
x-requested-with: XMLHttpRequest
accept-encoding: gzip, deflate, br
accept: application/vnd.spring-boot.actuator.v2+json,application/vnd.spring-boot.actuator.v1+json,application/json
user-agent: Mozilla/5.0 (Windows NT 10.0; Win64; x64) AppleWebKit/537.36 (KHTML, like Gecko) Chrome/78.0.3904.108 Safari/537.36

]
2019-12-11 14:43:49.133 DEBUG 35612 --- [http-nio-auto-1-exec-7] o.a.c.authenticator.AuthenticatorBase    : Security checking request GET /actuator/loggers
2019-12-11 14:43:49.134 DEBUG 35612 --- [http-nio-auto-1-exec-7] org.apache.catalina.realm.RealmBase      :   No applicable constraints defined
2019-12-11 14:43:49.134 DEBUG 35612 --- [http-nio-auto-1-exec-7] o.a.c.authenticator.AuthenticatorBase    :  Not subject to any constraint
2019-12-11 14:43:49.135 DEBUG 35612 --- [http-nio-auto-1-exec-7] org.apache.tomcat.util.http.Parameters   : Set encoding to UTF-8
2019-12-11 14:43:49.135 DEBUG 35612 --- [http-nio-auto-1-exec-7] o.s.web.servlet.DispatcherServlet        : GET "/actuator/loggers", parameters={}
2019-12-11 14:43:49.135 DEBUG 35612 --- [http-nio-auto-1-exec-7] s.b.a.e.w.s.WebMvcEndpointHandlerMapping : Mapped to Actuator web endpoint 'loggers'
2019-12-11 14:43:49.137 DEBUG 35612 --- [http-nio-auto-1-exec-7] m.m.a.RequestResponseBodyMethodProcessor : Using 'application/vnd.spring-boot.actuator.v2+json', given [application/vnd.spring-boot.actuator.v2+json, application/vnd.spring-boot.actuator.v1+json, application/json] and supported [application/vnd.spring-boot.actuator.v2+json, application/json]
2019-12-11 14:43:49.139 DEBUG 35612 --- [http-nio-auto-1-exec-7] m.m.a.RequestResponseBodyMethodProcessor : Writing [{levels=[OFF, ERROR, WARN, INFO, DEBUG, TRACE], loggers={ROOT=org.springframework.boot.actuate.loggi (truncated)...]
2019-12-11 14:43:49.141 DEBUG 35612 --- [http-nio-auto-1-exec-7] o.s.web.servlet.DispatcherServlet        : Completed 200 OK
2019-12-11 14:43:49.142 DEBUG 35612 --- [http-nio-auto-1-exec-7] o.a.tomcat.util.net.SocketWrapperBase    : Socket: [org.apache.tomcat.util.net.NioEndpoint$NioSocketWrapper@6619e7ec:org.apache.tomcat.util.net.NioChannel@856609:java.nio.channels.SocketChannel[connected local=/169.254.3.74:52442 remote=/169.254.3.74:53095]], Read from buffer: [0]
2019-12-11 14:43:49.143 DEBUG 35612 --- [http-nio-auto-1-exec-7] org.apache.tomcat.util.net.NioEndpoint   : Socket: [org.apache.tomcat.util.net.NioEndpoint$NioSocketWrapper@6619e7ec:org.apache.tomcat.util.net.NioChannel@856609:java.nio.channels.SocketChannel[connected local=/169.254.3.74:52442 remote=/169.254.3.74:53095]], Read direct from socket: [0]
2019-12-11 14:43:49.143 DEBUG 35612 --- [http-nio-auto-1-exec-7] o.apache.coyote.http11.Http11Processor   : Socket: [org.apache.tomcat.util.net.NioEndpoint$NioSocketWrapper@6619e7ec:org.apache.tomcat.util.net.NioChannel@856609:java.nio.channels.SocketChannel[connected local=/169.254.3.74:52442 remote=/169.254.3.74:53095]], Status in: [OPEN_READ], State out: [OPEN]
2019-12-11 14:43:49.144 DEBUG 35612 --- [http-nio-auto-1-exec-7] org.apache.tomcat.util.net.NioEndpoint   : Registered read interest for [org.apache.tomcat.util.net.NioEndpoint$NioSocketWrapper@6619e7ec:org.apache.tomcat.util.net.NioChannel@856609:java.nio.channels.SocketChannel[connected local=/169.254.3.74:52442 remote=/169.254.3.74:53095]]
2019-12-11 14:43:55.467 DEBUG 35612 --- [http-nio-auto-1-exec-6] o.a.tomcat.util.net.SocketWrapperBase    : Socket: [org.apache.tomcat.util.net.NioEndpoint$NioSocketWrapper@1aed84e8:org.apache.tomcat.util.net.NioChannel@29e1a832:java.nio.channels.SocketChannel[connected local=/169.254.3.74:52442 remote=/169.254.3.74:53174]], Read from buffer: [0]
2019-12-11 14:43:55.467 DEBUG 35612 --- [http-nio-auto-1-exec-6] org.apache.tomcat.util.net.NioEndpoint   : Socket: [org.apache.tomcat.util.net.NioEndpoint$NioSocketWrapper@1aed84e8:org.apache.tomcat.util.net.NioChannel@29e1a832:java.nio.channels.SocketChannel[connected local=/169.254.3.74:52442 remote=/169.254.3.74:53174]], Read direct from socket: [643]
2019-12-11 14:43:55.467 DEBUG 35612 --- [http-nio-auto-1-exec-6] o.a.coyote.http11.Http11InputBuffer      : Received [POST /actuator/loggers/ROOT HTTP/1.1
host: Chiru:52442
sec-fetch-mode: cors
content-length: 25
referer: http://localhost:9090/instances/5c596035b479/loggers
sec-fetch-site: same-origin
accept-language: en-US,en;q=0.9
origin: http://localhost:9090
x-requested-with: XMLHttpRequest
accept-encoding: gzip, deflate, br
accept: application/vnd.spring-boot.actuator.v2+json,application/vnd.spring-boot.actuator.v1+json,application/json
user-agent: Mozilla/5.0 (Windows NT 10.0; Win64; x64) AppleWebKit/537.36 (KHTML, like Gecko) Chrome/78.0.3904.108 Safari/537.36
Content-Type: application/json;charset=UTF-8

{"configuredLevel":"OFF"}]
2019-12-11 14:43:55.468 DEBUG 35612 --- [http-nio-auto-1-exec-6] o.a.c.authenticator.AuthenticatorBase    : Security checking request POST /actuator/loggers/ROOT
2019-12-11 14:43:55.468 DEBUG 35612 --- [http-nio-auto-1-exec-6] org.apache.catalina.realm.RealmBase      :   No applicable constraints defined
2019-12-11 14:43:55.468 DEBUG 35612 --- [http-nio-auto-1-exec-6] o.a.c.authenticator.AuthenticatorBase    :  Not subject to any constraint
2019-12-11 14:43:55.469 DEBUG 35612 --- [http-nio-auto-1-exec-6] org.apache.tomcat.util.http.Parameters   : Set encoding to UTF-8
2019-12-11 14:43:55.469 DEBUG 35612 --- [http-nio-auto-1-exec-6] o.s.web.servlet.DispatcherServlet        : POST "/actuator/loggers/ROOT", parameters={}
2019-12-11 14:43:55.469 DEBUG 35612 --- [http-nio-auto-1-exec-6] s.b.a.e.w.s.WebMvcEndpointHandlerMapping : Mapped to Actuator web endpoint 'loggers-name'
2019-12-11 14:43:55.470 DEBUG 35612 --- [http-nio-auto-1-exec-6] m.m.a.RequestResponseBodyMethodProcessor : Read "application/json;charset=UTF-8" to [{configuredLevel=OFF}]
2019-12-11 14:44:18.612  INFO 35612 --- [http-nio-auto-1-exec-4] c.c.s.adminclient.SayHelloController     : Entering to Info
2019-12-11 14:44:18.613 ERROR 35612 --- [http-nio-auto-1-exec-4] c.c.s.adminclient.SayHelloController     : Entering to With Error
2019-12-11 14:44:18.613  WARN 35612 --- [http-nio-auto-1-exec-4] c.c.s.adminclient.SayHelloController     : Entering to With Error
2019-12-11 14:44:18.613 DEBUG 35612 --- [http-nio-auto-1-exec-4] c.c.s.adminclient.SayHelloController     : Debug error
2019-12-11 15:07:19.937  INFO 39508 --- [main] c.c.s.adminclient.DemoApplication        : Starting DemoApplication on Chiru with PID 39508 (D:\Camel\spring-boot-admin\admin-client\target\classes started by Admin in d:\Camel\spring-boot-admin\admin-client)
2019-12-11 15:07:19.942  INFO 39508 --- [main] c.c.s.adminclient.DemoApplication        : No active profile set, falling back to default profiles: default
2019-12-11 15:07:21.326  INFO 39508 --- [main] o.s.b.w.embedded.tomcat.TomcatWebServer  : Tomcat initialized with port(s): 0 (http)
2019-12-11 15:07:21.335  INFO 39508 --- [main] o.apache.catalina.core.StandardService   : Starting service [Tomcat]
2019-12-11 15:07:21.336  INFO 39508 --- [main] org.apache.catalina.core.StandardEngine  : Starting Servlet engine: [Apache Tomcat/9.0.29]
2019-12-11 15:07:21.417  INFO 39508 --- [main] o.a.c.c.C.[Tomcat].[localhost].[/]       : Initializing Spring embedded WebApplicationContext
2019-12-11 15:07:21.417  INFO 39508 --- [main] o.s.web.context.ContextLoader            : Root WebApplicationContext: initialization completed in 1420 ms
2019-12-11 15:07:21.633  INFO 39508 --- [main] o.s.b.a.e.web.ServletEndpointRegistrar   : Registered '/actuator/jolokia' to jolokia-actuator-endpoint
2019-12-11 15:07:21.813  INFO 39508 --- [main] o.s.s.concurrent.ThreadPoolTaskExecutor  : Initializing ExecutorService 'applicationTaskExecutor'
2019-12-11 15:07:22.059  INFO 39508 --- [main] o.s.s.c.ThreadPoolTaskScheduler          : Initializing ExecutorService
2019-12-11 15:07:22.093  INFO 39508 --- [main] o.s.b.a.e.web.EndpointLinksResolver      : Exposing 15 endpoint(s) beneath base path '/actuator'
2019-12-11 15:07:22.168  INFO 39508 --- [main] o.s.b.w.embedded.tomcat.TomcatWebServer  : Tomcat started on port(s): 53941 (http) with context path ''
2019-12-11 15:07:22.175  INFO 39508 --- [main] c.c.s.adminclient.DemoApplication        : Started DemoApplication in 2.624 seconds (JVM running for 3.756)
2019-12-11 15:07:49.373  INFO 39508 --- [registrationTask1] d.c.b.a.c.r.ApplicationRegistrator       : Application registered itself as 95bb5191bf9e
2019-12-11 15:07:49.403  INFO 39508 --- [http-nio-auto-1-exec-1] o.a.c.c.C.[Tomcat].[localhost].[/]       : Initializing Spring DispatcherServlet 'dispatcherServlet'
2019-12-11 15:07:49.404  INFO 39508 --- [http-nio-auto-1-exec-1] o.s.web.servlet.DispatcherServlet        : Initializing Servlet 'dispatcherServlet'
2019-12-11 15:07:49.413  INFO 39508 --- [http-nio-auto-1-exec-1] o.s.web.servlet.DispatcherServlet        : Completed initialization in 9 ms
2019-12-11 15:12:27.828  INFO 39508 --- [http-nio-auto-1-exec-6] c.c.s.adminclient.SayHelloController     : Entering to Info
2019-12-11 15:12:27.829 ERROR 39508 --- [http-nio-auto-1-exec-6] c.c.s.adminclient.SayHelloController     : Entering to With Error
2019-12-11 15:12:27.829  WARN 39508 --- [http-nio-auto-1-exec-6] c.c.s.adminclient.SayHelloController     : Entering to With Error
2019-12-11 15:12:27.830 DEBUG 39508 --- [http-nio-auto-1-exec-6] c.c.s.adminclient.SayHelloController     : Debug error
